# JRE version: OpenJDK Runtime Environment Corretto-11.0.18.10.1 (11.0.18+10) (build 11.0.18+10-LTS)
# Java VM: OpenJDK 64-Bit Server VM Corretto-11.0.18.10.1 (11.0.18+10-LTS, mixed mode, tiered, compressed oops, g1 gc, windows-amd64)
Heap:
 garbage-first heap   total 315392K, used 252966K [0x0000000080000000, 0x0000000100000000)
  region size 1024K, 121 young (123904K), 2 survivors (2048K)
 Metaspace       used 112203K, capacity 115656K, committed 115868K, reserved 1148928K
  class space    used 14436K, capacity 15780K, committed 15872K, reserved 1048576K
GC Heap History (20 events):
Event: 9.881 GC heap before
{Heap before GC invocations=14 (full 0):
 garbage-first heap   total 315392K, used 226072K [0x0000000080000000, 0x0000000100000000)
  region size 1024K, 164 young (167936K), 17 survivors (17408K)
 Metaspace       used 90272K, capacity 92432K, committed 92700K, reserved 1130496K
  class space    used 11562K, capacity 12364K, committed 12416K, reserved 1048576K
}
Event: 9.905 GC heap after
{Heap after GC invocations=15 (full 0):
 garbage-first heap   total 315392K, used 94113K [0x0000000080000000, 0x0000000100000000)
  region size 1024K, 21 young (21504K), 21 survivors (21504K)
 Metaspace       used 90272K, capacity 92432K, committed 92700K, reserved 1130496K
  class space    used 11562K, capacity 12364K, committed 12416K, reserved 1048576K
}
Event: 10.788 GC heap before
{Heap before GC invocations=15 (full 0):
 garbage-first heap   total 315392K, used 239521K [0x0000000080000000, 0x0000000100000000)
  region size 1024K, 164 young (167936K), 21 survivors (21504K)
 Metaspace       used 91932K, capacity 94134K, committed 94364K, reserved 1130496K
  class space    used 11713K, capacity 12531K, committed 12544K, reserved 1048576K
}
Event: 10.814 GC heap after
{Heap after GC invocations=16 (full 0):
 garbage-first heap   total 315392K, used 105472K [0x0000000080000000, 0x0000000100000000)
  region size 1024K, 12 young (12288K), 12 survivors (12288K)
 Metaspace       used 91932K, capacity 94134K, committed 94364K, reserved 1130496K
  class space    used 11713K, capacity 12531K, committed 12544K, reserved 1048576K
}
Event: 11.801 GC heap before
{Heap before GC invocations=16 (full 0):
 garbage-first heap   total 315392K, used 244736K [0x0000000080000000, 0x0000000100000000)
  region size 1024K, 149 young (152576K), 12 survivors (12288K)
 Metaspace       used 99567K, capacity 101885K, committed 102172K, reserved 1138688K
  class space    used 12711K, capacity 13587K, committed 13696K, reserved 1048576K
}
Event: 11.820 GC heap after
{Heap after GC invocations=17 (full 0):
 garbage-first heap   total 315392K, used 116736K [0x0000000080000000, 0x0000000100000000)
  region size 1024K, 14 young (14336K), 14 survivors (14336K)
 Metaspace       used 99567K, capacity 101885K, committed 102172K, reserved 1138688K
  class space    used 12711K, capacity 13587K, committed 13696K, reserved 1048576K
}
Event: 13.399 GC heap before
{Heap before GC invocations=17 (full 0):
 garbage-first heap   total 315392K, used 245760K [0x0000000080000000, 0x0000000100000000)
  region size 1024K, 141 young (144384K), 14 survivors (14336K)
 Metaspace       used 108793K, capacity 111778K, committed 112028K, reserved 1146880K
  class space    used 14072K, capacity 15251K, committed 15360K, reserved 1048576K
}
Event: 13.422 GC heap after
{Heap after GC invocations=18 (full 0):
 garbage-first heap   total 315392K, used 122880K [0x0000000080000000, 0x0000000100000000)
  region size 1024K, 7 young (7168K), 7 survivors (7168K)
 Metaspace       used 108793K, capacity 111778K, committed 112028K, reserved 1146880K
  class space    used 14072K, capacity 15251K, committed 15360K, reserved 1048576K
}
Event: 14.231 GC heap before
{Heap before GC invocations=18 (full 0):
 garbage-first heap   total 315392K, used 250880K [0x0000000080000000, 0x0000000100000000)
  region size 1024K, 132 young (135168K), 7 survivors (7168K)
 Metaspace       used 111217K, capacity 114572K, committed 114716K, reserved 1148928K
  class space    used 14378K, capacity 15711K, committed 15744K, reserved 1048576K
}
Event: 14.238 GC heap after
{Heap after GC invocations=19 (full 0):
 garbage-first heap   total 315392K, used 124163K [0x0000000080000000, 0x0000000100000000)
  region size 1024K, 8 young (8192K), 8 survivors (8192K)
 Metaspace       used 111217K, capacity 114572K, committed 114716K, reserved 1148928K
  class space    used 14378K, capacity 15711K, committed 15744K, reserved 1048576K
}
Event: 14.604 GC heap before
{Heap before GC invocations=19 (full 0):
 garbage-first heap   total 315392K, used 255235K [0x0000000080000000, 0x0000000100000000)
  region size 1024K, 136 young (139264K), 8 survivors (8192K)
 Metaspace       used 111519K, capacity 114826K, committed 115100K, reserved 1148928K
  class space    used 14400K, capacity 15745K, committed 15872K, reserved 1048576K
}
Event: 14.620 GC heap after
{Heap after GC invocations=20 (full 0):
 garbage-first heap   total 315392K, used 132608K [0x0000000080000000, 0x0000000100000000)
  region size 1024K, 16 young (16384K), 16 survivors (16384K)
 Metaspace       used 111519K, capacity 114826K, committed 115100K, reserved 1148928K
  class space    used 14400K, capacity 15745K, committed 15872K, reserved 1048576K
}
Event: 14.839 GC heap before
{Heap before GC invocations=20 (full 0):
 garbage-first heap   total 315392K, used 256512K [0x0000000080000000, 0x0000000100000000)
  region size 1024K, 137 young (140288K), 16 survivors (16384K)
 Metaspace       used 111585K, capacity 114968K, committed 115100K, reserved 1148928K
  class space    used 14400K, capacity 15745K, committed 15872K, reserved 1048576K
}
Event: 14.850 GC heap after
{Heap after GC invocations=21 (full 0):
 garbage-first heap   total 315392K, used 132134K [0x0000000080000000, 0x0000000100000000)
  region size 1024K, 2 young (2048K), 2 survivors (2048K)
 Metaspace       used 111585K, capacity 114968K, committed 115100K, reserved 1148928K
  class space    used 14400K, capacity 15745K, committed 15872K, reserved 1048576K
}
Event: 15.079 GC heap before
{Heap before GC invocations=21 (full 0):
 garbage-first heap   total 315392K, used 259110K [0x0000000080000000, 0x0000000100000000)
  region size 1024K, 126 young (129024K), 2 survivors (2048K)
 Metaspace       used 111697K, capacity 115070K, committed 115356K, reserved 1148928K
  class space    used 14410K, capacity 15757K, committed 15872K, reserved 1048576K
}
Event: 15.083 GC heap after
{Heap after GC invocations=22 (full 0):
 garbage-first heap   total 315392K, used 131492K [0x0000000080000000, 0x0000000100000000)
  region size 1024K, 2 young (2048K), 2 survivors (2048K)
 Metaspace       used 111697K, capacity 115070K, committed 115356K, reserved 1148928K
  class space    used 14410K, capacity 15757K, committed 15872K, reserved 1048576K
}
Event: 15.356 GC heap before
{Heap before GC invocations=22 (full 0):
 garbage-first heap   total 315392K, used 261540K [0x0000000080000000, 0x0000000100000000)
  region size 1024K, 128 young (131072K), 2 survivors (2048K)
 Metaspace       used 112079K, capacity 115502K, committed 115612K, reserved 1148928K
  class space    used 14418K, capacity 15772K, committed 15872K, reserved 1048576K
}
Event: 15.361 GC heap after
{Heap after GC invocations=23 (full 0):
 garbage-first heap   total 315392K, used 133768K [0x0000000080000000, 0x0000000100000000)
  region size 1024K, 3 young (3072K), 3 survivors (3072K)
 Metaspace       used 112079K, capacity 115502K, committed 115612K, reserved 1148928K
  class space    used 14418K, capacity 15772K, committed 15872K, reserved 1048576K
}
Event: 15.654 GC heap before
{Heap before GC invocations=23 (full 0):
 garbage-first heap   total 315392K, used 263816K [0x0000000080000000, 0x0000000100000000)
  region size 1024K, 130 young (133120K), 3 survivors (3072K)
 Metaspace       used 112165K, capacity 115583K, committed 115868K, reserved 1148928K
  class space    used 14432K, capacity 15777K, committed 15872K, reserved 1048576K
}
Event: 15.658 GC heap after
{Heap after GC invocations=24 (full 0):
 garbage-first heap   total 315392K, used 132134K [0x0000000080000000, 0x0000000100000000)
  region size 1024K, 2 young (2048K), 2 survivors (2048K)
 Metaspace       used 112165K, capacity 115583K, committed 115868K, reserved 1148928K
  class space    used 14432K, capacity 15777K, committed 15872K, reserved 1048576K
}

