# JRE version: OpenJDK Runtime Environment (11.0.15) (build 11.0.15+0-b2043.56-9505619)
# Java VM: OpenJDK 64-Bit Server VM (11.0.15+0-b2043.56-9505619, mixed mode, tiered, compressed oops, g1 gc, windows-amd64)
Heap:
 garbage-first heap   total 262144K, used 137947K [0x0000000080000000, 0x0000000100000000)
  region size 1024K, 4 young (4096K), 4 survivors (4096K)
 Metaspace       used 135703K, capacity 139803K, committed 139868K, reserved 1183744K
  class space    used 17015K, capacity 18665K, committed 18688K, reserved 1048576K
GC Heap History (20 events):
Event: 122.499 GC heap before
{Heap before GC invocations=34 (full 0):
 garbage-first heap   total 262144K, used 214744K [0x0000000080000000, 0x0000000100000000)
  region size 1024K, 95 young (97280K), 8 survivors (8192K)
 Metaspace       used 118569K, capacity 121325K, committed 121436K, reserved 1155072K
  class space    used 14522K, capacity 15605K, committed 15616K, reserved 1048576K
}
Event: 122.506 GC heap after
{Heap after GC invocations=35 (full 0):
 garbage-first heap   total 262144K, used 127317K [0x0000000080000000, 0x0000000100000000)
  region size 1024K, 5 young (5120K), 5 survivors (5120K)
 Metaspace       used 118569K, capacity 121325K, committed 121436K, reserved 1155072K
  class space    used 14522K, capacity 15605K, committed 15616K, reserved 1048576K
}
Event: 123.518 GC heap before
{Heap before GC invocations=36 (full 0):
 garbage-first heap   total 262144K, used 218453K [0x0000000080000000, 0x0000000100000000)
  region size 1024K, 94 young (96256K), 5 survivors (5120K)
 Metaspace       used 118612K, capacity 121393K, committed 121436K, reserved 1155072K
  class space    used 14525K, capacity 15605K, committed 15616K, reserved 1048576K
}
Event: 123.524 GC heap after
{Heap after GC invocations=37 (full 0):
 garbage-first heap   total 262144K, used 126599K [0x0000000080000000, 0x0000000100000000)
  region size 1024K, 4 young (4096K), 4 survivors (4096K)
 Metaspace       used 118612K, capacity 121393K, committed 121436K, reserved 1155072K
  class space    used 14525K, capacity 15605K, committed 15616K, reserved 1048576K
}
Event: 123.545 GC heap before
{Heap before GC invocations=37 (full 0):
 garbage-first heap   total 262144K, used 133767K [0x0000000080000000, 0x0000000100000000)
  region size 1024K, 12 young (12288K), 4 survivors (4096K)
 Metaspace       used 118613K, capacity 121393K, committed 121436K, reserved 1155072K
  class space    used 14525K, capacity 15605K, committed 15616K, reserved 1048576K
}
Event: 123.552 GC heap after
{Heap after GC invocations=38 (full 0):
 garbage-first heap   total 262144K, used 123031K [0x0000000080000000, 0x0000000100000000)
  region size 1024K, 1 young (1024K), 1 survivors (1024K)
 Metaspace       used 118613K, capacity 121393K, committed 121436K, reserved 1155072K
  class space    used 14525K, capacity 15605K, committed 15616K, reserved 1048576K
}
Event: 139.789 GC heap before
{Heap before GC invocations=38 (full 0):
 garbage-first heap   total 262144K, used 218263K [0x0000000080000000, 0x0000000100000000)
  region size 1024K, 95 young (97280K), 1 survivors (1024K)
 Metaspace       used 119099K, capacity 121944K, committed 122076K, reserved 1155072K
  class space    used 14573K, capacity 15670K, committed 15744K, reserved 1048576K
}
Event: 139.796 GC heap after
{Heap after GC invocations=39 (full 0):
 garbage-first heap   total 262144K, used 124898K [0x0000000080000000, 0x0000000100000000)
  region size 1024K, 3 young (3072K), 3 survivors (3072K)
 Metaspace       used 119099K, capacity 121944K, committed 122076K, reserved 1155072K
  class space    used 14573K, capacity 15670K, committed 15744K, reserved 1048576K
}
Event: 144.565 GC heap before
{Heap before GC invocations=40 (full 0):
 garbage-first heap   total 262144K, used 220130K [0x0000000080000000, 0x0000000100000000)
  region size 1024K, 97 young (99328K), 3 survivors (3072K)
 Metaspace       used 130788K, capacity 134393K, committed 134492K, reserved 1165312K
  class space    used 16419K, capacity 17858K, committed 17920K, reserved 1048576K
}
Event: 144.576 GC heap after
{Heap after GC invocations=41 (full 0):
 garbage-first heap   total 262144K, used 129983K [0x0000000080000000, 0x0000000100000000)
  region size 1024K, 8 young (8192K), 8 survivors (8192K)
 Metaspace       used 130788K, capacity 134393K, committed 134492K, reserved 1165312K
  class space    used 16419K, capacity 17858K, committed 17920K, reserved 1048576K
}
Event: 145.065 GC heap before
{Heap before GC invocations=41 (full 0):
 garbage-first heap   total 262144K, used 220095K [0x0000000080000000, 0x0000000100000000)
  region size 1024K, 97 young (99328K), 8 survivors (8192K)
 Metaspace       used 134583K, capacity 138712K, committed 138844K, reserved 1169408K
  class space    used 16956K, capacity 18592K, committed 18688K, reserved 1048576K
}
Event: 145.072 GC heap after
{Heap after GC invocations=42 (full 0):
 garbage-first heap   total 262144K, used 130602K [0x0000000080000000, 0x0000000100000000)
  region size 1024K, 6 young (6144K), 6 survivors (6144K)
 Metaspace       used 134583K, capacity 138712K, committed 138844K, reserved 1169408K
  class space    used 16956K, capacity 18592K, committed 18688K, reserved 1048576K
}
Event: 145.342 GC heap before
{Heap before GC invocations=42 (full 0):
 garbage-first heap   total 262144K, used 222762K [0x0000000080000000, 0x0000000100000000)
  region size 1024K, 96 young (98304K), 6 survivors (6144K)
 Metaspace       used 135048K, capacity 139198K, committed 139356K, reserved 1169408K
  class space    used 16983K, capacity 18642K, committed 18688K, reserved 1048576K
}
Event: 145.354 GC heap after
{Heap after GC invocations=43 (full 0):
 garbage-first heap   total 262144K, used 135518K [0x0000000080000000, 0x0000000100000000)
  region size 1024K, 11 young (11264K), 11 survivors (11264K)
 Metaspace       used 135048K, capacity 139198K, committed 139356K, reserved 1169408K
  class space    used 16983K, capacity 18642K, committed 18688K, reserved 1048576K
}
Event: 145.568 GC heap before
{Heap before GC invocations=43 (full 0):
 garbage-first heap   total 262144K, used 221534K [0x0000000080000000, 0x0000000100000000)
  region size 1024K, 95 young (97280K), 11 survivors (11264K)
 Metaspace       used 135119K, capacity 139294K, committed 139356K, reserved 1169408K
  class space    used 16998K, capacity 18652K, committed 18688K, reserved 1048576K
}
Event: 145.582 GC heap after
{Heap after GC invocations=44 (full 0):
 garbage-first heap   total 262144K, used 138341K [0x0000000080000000, 0x0000000100000000)
  region size 1024K, 4 young (4096K), 4 survivors (4096K)
 Metaspace       used 135119K, capacity 139294K, committed 139356K, reserved 1169408K
  class space    used 16998K, capacity 18652K, committed 18688K, reserved 1048576K
}
Event: 145.766 GC heap before
{Heap before GC invocations=44 (full 0):
 garbage-first heap   total 262144K, used 221285K [0x0000000080000000, 0x0000000100000000)
  region size 1024K, 86 young (88064K), 4 survivors (4096K)
 Metaspace       used 135171K, capacity 139305K, committed 139356K, reserved 1169408K
  class space    used 16999K, capacity 18655K, committed 18688K, reserved 1048576K
}
Event: 145.770 GC heap after
{Heap after GC invocations=45 (full 0):
 garbage-first heap   total 262144K, used 138326K [0x0000000080000000, 0x0000000100000000)
  region size 1024K, 4 young (4096K), 4 survivors (4096K)
 Metaspace       used 135171K, capacity 139305K, committed 139356K, reserved 1169408K
  class space    used 16999K, capacity 18655K, committed 18688K, reserved 1048576K
}
Event: 145.943 GC heap before
{Heap before GC invocations=45 (full 0):
 garbage-first heap   total 262144K, used 223318K [0x0000000080000000, 0x0000000100000000)
  region size 1024K, 87 young (89088K), 4 survivors (4096K)
 Metaspace       used 135468K, capacity 139585K, committed 139868K, reserved 1175552K
  class space    used 17012K, capacity 18660K, committed 18688K, reserved 1048576K
}
Event: 145.946 GC heap after
{Heap after GC invocations=46 (full 0):
 garbage-first heap   total 262144K, used 137785K [0x0000000080000000, 0x0000000100000000)
  region size 1024K, 4 young (4096K), 4 survivors (4096K)
 Metaspace       used 135468K, capacity 139585K, committed 139868K, reserved 1175552K
  class space    used 17012K, capacity 18660K, committed 18688K, reserved 1048576K
}

