# JRE version: OpenJDK Runtime Environment Corretto-11.0.18.10.1 (11.0.18+10) (build 11.0.18+10-LTS)
# Java VM: OpenJDK 64-Bit Server VM Corretto-11.0.18.10.1 (11.0.18+10-LTS, mixed mode, tiered, compressed oops, g1 gc, windows-amd64)
Heap:
 garbage-first heap   total 262144K, used 214671K [0x0000000080000000, 0x0000000100000000)
  region size 1024K, 75 young (76800K), 3 survivors (3072K)
 Metaspace       used 129665K, capacity 133536K, committed 133788K, reserved 1165312K
  class space    used 16394K, capacity 17895K, committed 17920K, reserved 1048576K
GC Heap History (20 events):
Event: 76.998 GC heap before
{Heap before GC invocations=30 (full 0):
 garbage-first heap   total 262144K, used 134708K [0x0000000080000000, 0x0000000100000000)
  region size 1024K, 12 young (12288K), 5 survivors (5120K)
 Metaspace       used 107127K, capacity 109430K, committed 109596K, reserved 1144832K
  class space    used 13281K, capacity 14118K, committed 14208K, reserved 1048576K
}
Event: 77.005 GC heap after
{Heap after GC invocations=31 (full 0):
 garbage-first heap   total 262144K, used 119016K [0x0000000080000000, 0x0000000100000000)
  region size 1024K, 1 young (1024K), 1 survivors (1024K)
 Metaspace       used 107127K, capacity 109430K, committed 109596K, reserved 1144832K
  class space    used 13281K, capacity 14118K, committed 14208K, reserved 1048576K
}
Event: 79.519 GC heap before
{Heap before GC invocations=31 (full 0):
 garbage-first heap   total 262144K, used 188648K [0x0000000080000000, 0x0000000100000000)
  region size 1024K, 70 young (71680K), 1 survivors (1024K)
 Metaspace       used 108922K, capacity 111195K, committed 111260K, reserved 1146880K
  class space    used 13461K, capacity 14325K, committed 14336K, reserved 1048576K
}
Event: 79.529 GC heap after
{Heap after GC invocations=32 (full 0):
 garbage-first heap   total 262144K, used 124669K [0x0000000080000000, 0x0000000100000000)
  region size 1024K, 7 young (7168K), 7 survivors (7168K)
 Metaspace       used 108922K, capacity 111195K, committed 111260K, reserved 1146880K
  class space    used 13461K, capacity 14325K, committed 14336K, reserved 1048576K
}
Event: 80.393 GC heap before
{Heap before GC invocations=33 (full 0):
 garbage-first heap   total 262144K, used 194301K [0x0000000080000000, 0x0000000100000000)
  region size 1024K, 76 young (77824K), 7 survivors (7168K)
 Metaspace       used 111581K, capacity 113920K, committed 114204K, reserved 1148928K
  class space    used 13805K, capacity 14656K, committed 14720K, reserved 1048576K
}
Event: 80.401 GC heap after
{Heap after GC invocations=34 (full 0):
 garbage-first heap   total 262144K, used 126765K [0x0000000080000000, 0x0000000100000000)
  region size 1024K, 3 young (3072K), 3 survivors (3072K)
 Metaspace       used 111581K, capacity 113920K, committed 114204K, reserved 1148928K
  class space    used 13805K, capacity 14656K, committed 14720K, reserved 1048576K
}
Event: 80.455 GC heap before
{Heap before GC invocations=34 (full 0):
 garbage-first heap   total 262144K, used 135981K [0x0000000080000000, 0x0000000100000000)
  region size 1024K, 12 young (12288K), 3 survivors (3072K)
 Metaspace       used 112258K, capacity 114656K, committed 114844K, reserved 1148928K
  class space    used 13894K, capacity 14752K, committed 14848K, reserved 1048576K
}
Event: 80.461 GC heap after
{Heap after GC invocations=35 (full 0):
 garbage-first heap   total 262144K, used 123701K [0x0000000080000000, 0x0000000100000000)
  region size 1024K, 1 young (1024K), 1 survivors (1024K)
 Metaspace       used 112258K, capacity 114656K, committed 114844K, reserved 1148928K
  class space    used 13894K, capacity 14752K, committed 14848K, reserved 1048576K
}
Event: 85.687 GC heap before
{Heap before GC invocations=35 (full 0):
 garbage-first heap   total 262144K, used 198453K [0x0000000080000000, 0x0000000100000000)
  region size 1024K, 75 young (76800K), 1 survivors (1024K)
 Metaspace       used 113849K, capacity 116267K, committed 116508K, reserved 1150976K
  class space    used 14034K, capacity 14933K, committed 14976K, reserved 1048576K
}
Event: 85.695 GC heap after
{Heap after GC invocations=36 (full 0):
 garbage-first heap   total 262144K, used 128838K [0x0000000080000000, 0x0000000100000000)
  region size 1024K, 6 young (6144K), 6 survivors (6144K)
 Metaspace       used 113849K, capacity 116267K, committed 116508K, reserved 1150976K
  class space    used 14034K, capacity 14933K, committed 14976K, reserved 1048576K
}
Event: 100.341 GC heap before
{Heap before GC invocations=37 (full 0):
 garbage-first heap   total 262144K, used 202566K [0x0000000080000000, 0x0000000100000000)
  region size 1024K, 79 young (80896K), 6 survivors (6144K)
 Metaspace       used 113963K, capacity 116349K, committed 116508K, reserved 1150976K
  class space    used 14042K, capacity 14935K, committed 14976K, reserved 1048576K
}
Event: 100.349 GC heap after
{Heap after GC invocations=38 (full 0):
 garbage-first heap   total 262144K, used 130703K [0x0000000080000000, 0x0000000100000000)
  region size 1024K, 4 young (4096K), 4 survivors (4096K)
 Metaspace       used 113963K, capacity 116349K, committed 116508K, reserved 1150976K
  class space    used 14042K, capacity 14935K, committed 14976K, reserved 1048576K
}
Event: 100.772 GC heap before
{Heap before GC invocations=38 (full 0):
 garbage-first heap   total 262144K, used 137871K [0x0000000080000000, 0x0000000100000000)
  region size 1024K, 12 young (12288K), 4 survivors (4096K)
 Metaspace       used 113963K, capacity 116349K, committed 116508K, reserved 1150976K
  class space    used 14042K, capacity 14935K, committed 14976K, reserved 1048576K
}
Event: 100.777 GC heap after
{Heap after GC invocations=39 (full 0):
 garbage-first heap   total 262144K, used 129324K [0x0000000080000000, 0x0000000100000000)
  region size 1024K, 1 young (1024K), 1 survivors (1024K)
 Metaspace       used 113963K, capacity 116349K, committed 116508K, reserved 1150976K
  class space    used 14042K, capacity 14935K, committed 14976K, reserved 1048576K
}
Event: 102.287 GC heap before
{Heap before GC invocations=39 (full 0):
 garbage-first heap   total 262144K, used 205100K [0x0000000080000000, 0x0000000100000000)
  region size 1024K, 76 young (77824K), 1 survivors (1024K)
 Metaspace       used 124892K, capacity 128102K, committed 128412K, reserved 1161216K
  class space    used 15791K, capacity 17041K, committed 17152K, reserved 1048576K
}
Event: 102.294 GC heap after
{Heap after GC invocations=40 (full 0):
 garbage-first heap   total 262144K, used 133387K [0x0000000080000000, 0x0000000100000000)
  region size 1024K, 5 young (5120K), 5 survivors (5120K)
 Metaspace       used 124892K, capacity 128102K, committed 128412K, reserved 1161216K
  class space    used 15791K, capacity 17041K, committed 17152K, reserved 1048576K
}
Event: 103.060 GC heap before
{Heap before GC invocations=40 (full 0):
 garbage-first heap   total 262144K, used 209163K [0x0000000080000000, 0x0000000100000000)
  region size 1024K, 80 young (81920K), 5 survivors (5120K)
 Metaspace       used 129003K, capacity 132796K, committed 133020K, reserved 1165312K
  class space    used 16379K, capacity 17898K, committed 17920K, reserved 1048576K
}
Event: 103.068 GC heap after
{Heap after GC invocations=41 (full 0):
 garbage-first heap   total 262144K, used 134760K [0x0000000080000000, 0x0000000100000000)
  region size 1024K, 6 young (6144K), 6 survivors (6144K)
 Metaspace       used 129003K, capacity 132796K, committed 133020K, reserved 1165312K
  class space    used 16379K, capacity 17898K, committed 17920K, reserved 1048576K
}
Event: 103.373 GC heap before
{Heap before GC invocations=41 (full 0):
 garbage-first heap   total 262144K, used 212584K [0x0000000080000000, 0x0000000100000000)
  region size 1024K, 82 young (83968K), 6 survivors (6144K)
 Metaspace       used 129481K, capacity 133326K, committed 133532K, reserved 1165312K
  class space    used 16386K, capacity 17899K, committed 17920K, reserved 1048576K
}
Event: 103.398 GC heap after
{Heap after GC invocations=42 (full 0):
 garbage-first heap   total 262144K, used 140943K [0x0000000080000000, 0x0000000100000000)
  region size 1024K, 10 young (10240K), 10 survivors (10240K)
 Metaspace       used 129481K, capacity 133326K, committed 133532K, reserved 1165312K
  class space    used 16386K, capacity 17899K, committed 17920K, reserved 1048576K
}

